38.1001569112
38.3352834066
38.4014780045
38.7256083806
38.7343921661
38.7194936117
38.8528532664
38.6395165761
38.419773674
38.3824057897
38.3437761943
38.2682636261
38.3696910858
38.4454458872
38.301409785
38.2725347519
38.2713696162
38.3958969752
38.2889859517
38.3420289358
38.423559316
38.4721860886
38.6361192703
38.7657424927
38.6316549301
38.7091571172
38.745748202
38.6607727051
38.5777382533
38.6530563354
38.4700989405
38.5020802816
38.6091854095
38.610786883
38.5780777613
38.5822996775
38.6056912104
38.6361682256
38.6493195216
38.6143779755
38.4966934204
38.4490374247
38.5382349014
38.4312266032
38.4030794779
38.2937419256
38.2550637563
38.2455032349
38.1862002055
38.1697481791
38.1705247243
38.2473473231
38.1262655258
37.9940705617
37.9429203033
37.8467343012
38.0409504573
38.3160657247
37.973979187
37.855857722
37.9122491837
37.9268083572
37.866631635
37.9502482096
38.171495374
38.2279842377
38.1084552129
37.9955752691
37.9622836431
37.9892662684
37.8735224406
37.8147047679
37.7730175654
37.8608078639
37.8180534363
37.7716588338
37.6834314346
37.6814903895
37.6198572795
37.6694548925
37.5818586985
37.6154413223
37.483488973
37.4992123922
37.4979508718
37.4540799459
37.4040456136
37.3918160756
37.398998642
37.3436262767
37.3602717717
37.2877683004
37.3262039185
37.4138973872
37.2913593928
37.3080052058
37.2708798726
37.2538946152
37.2100236893
37.2956787109
37.2582619349
37.229289945
37.2935918808
37.323680687
37.1910483678
37.0685592651
37.1469349543
37.1068494797
37.1848367691
37.12427152
36.9647542953
36.8243089676
36.933355395
36.7856306712
36.816835467
36.9260758082
36.9486907959
36.9398098628
36.7801468531
36.9332583745
37.0857875188
36.9809631348
37.0604549408
36.807808876
36.6779919306
36.8357623418
36.6503783544
36.884194692
36.4830478032
36.4698961894
36.4381577174
36.378223292
36.3335274378
36.3452718099
36.2437960307
36.2250148773
36.2362738291
36.1075727463
36.2286060969
36.2757770538
36.3030508041
36.3402249018
36.3409525553
36.2273445129
36.1658085505
36.0942274094
36.1141243617
36.1362541835
35.9795028687
35.971301206
36.0073589961
36.0132312139
36.252240181
36.2277324677
36.3470671972
36.39928538
36.4761563619
36.1610529582
36.2654889425
36.3095541636
36.5695760727
36.4797477722
36.404186821
36.2115722656
36.125723203
36.0834537506
36.0152692795
36.0853949865
35.9721747716
35.9755717595
35.9718836466
36.0797166189
36.0581696828
35.9731939316
36.0501624425
35.9446100235
35.8598285675
36.0684092204
36.0056118647
36.0630709966
36.206427892
36.1232479095
36.0170161565
36.087335968
36.2301591237
36.2440388362
36.2695168177
36.1990515391
36.0588975906
35.8686124802
36.2450579325
35.9874617259
35.9012728373
36.102428627
36.166439565
36.132274437
36.0853951772
36.0935962041
36.0694284439
36.1880353292
36.1209186554
35.9449010849
36.1151920319
35.9338363647
36.0380298615
36.0236164093
36.0562282562
35.9131141663
35.8278474172
35.9228199641
35.7462203979
35.7985354106
35.8170253754
35.8058633169
35.7167626063
35.836631012
36.0451636632
35.836097463
35.9889175415
36.0349724452
35.8990406672
35.6391152064
35.7886837641
35.6627005895
35.8198888143
35.8138707479
35.6858008067
35.9612071355
35.8477446238
35.7813073476
35.8861801783
35.7446673075
35.8802110672
35.8429885864
35.8925860087
36.0733592987
36.1152891795
35.9671761195
35.8109104156
35.9014185588
36.1029626846
36.1173758189
36.086607933
36.1043700536
36.1830854416
36.1708072662
36.17760156
36.0200737
36.1998765945
36.1931792577
36.1516864141
36.0814640045
36.2254517873
36.1267906825
36.212688446
36.1147553762
36.1009730657
35.7924690882
35.9549470266
35.9910044352
36.0892771403
36.0009045283
35.9583924611
35.8206164678
35.9610130946
35.9076299032
35.8854523341
35.8815700531
35.8603624344
35.8254210154
35.7453466415
35.7017189026
35.883413887
36.0172105153
35.9488322576
35.9124833425
35.9552865982
35.8480358124
35.8453667959
35.8105220159
35.8440081278
35.9520352681
35.9730485916
35.8657978058
35.891178894
35.7124921163
35.9535394033
36.0219665527
36.0167253494
35.744230334
35.8803563436
35.6771622976
35.7811132431
35.5966030121
35.627031072
35.7740280151
35.7032229106
35.7618954976
35.665952301
35.5792779287
35.6764345169
35.7066687266
35.6783756892
35.6501800537
35.5713675817
35.6235369364
35.662166659
35.6017472585
35.5095405579
35.5125495275
35.6723581314
35.6687180201
35.640571022
35.7448130925
35.7392321269
35.6992923737
35.7779102961
35.7142877579
35.6345532099
35.4690181732
35.6980788549
35.6200913111
35.5979134878
35.7279733658
35.6437739054
35.4578564326
35.539434878
35.6076194127
35.6680383682
35.5991268794
35.4817331314
35.4916330973
35.5239538829
35.6350386937
35.6443561554
35.5593320211
35.3953015645
35.6673595428
35.4788698832
35.5171113332
35.5097346624
35.5035713832
35.3808398565
35.6331944784
35.6512475332
35.6200428009
35.7205965678
35.8312930425
35.7923720678
35.7515099843
35.7188980103
35.6510046641
35.663477389
35.6082016627
35.5983016968
35.5477336884
35.6992920558
35.5496261597
35.6369795481
35.7034655889
35.7261772792
35.6902655284
35.4765890121
35.6724066416
35.6938083649
35.667213885
35.6653211594
35.7063774745
35.5696203868
35.7122009277
35.6831315358
35.7730086009
35.6879846573
35.6348930995
35.6558575948
35.6768224716
35.7349128723
35.7869365692
35.693225797
35.7398630142
35.6482388179
35.753888003
35.7496173859
35.7673791885
35.7548100789
35.771601359
35.7979528427
35.7601968765
35.7914014181
35.8184326172
35.7650498708
35.7502480825
35.7481615702
35.7636907578
35.6142191569
35.7266626994
35.691721344
35.7797543844
35.7952353795
35.7143360774
35.8055236816
35.7616041819
35.7464629491
35.854247729
35.8756491979
35.7724264781
35.7311274211
35.8319239299
35.7600029627
35.756314532
35.8255666097
35.8000883738
35.7999912898
35.7758235931
35.7571880341
35.8063000361
35.7618956248
35.8908874512
35.7524807612
35.739086469
35.7643217087
35.8169281642
35.8175105413
35.8521121979
35.8211506526
35.6444048564
35.7445213954
35.8001855214
35.7116669973
35.7926148097
35.7653891881
35.8042134603
35.7797543208
35.788392512
35.7573338191
35.8174135208
35.8850638707
35.8774447759
35.8119296392
35.7788324992
35.8282839457
35.8216840744
35.8646814346
35.9258775711
35.8731740952
35.9475215912
35.9471820196
35.9203451157
35.8742417653
35.9075817744
35.886325709
35.975038147
35.9127259572
35.8902081172
35.9435422897
35.9737764994
35.9444159826
35.9820262273
35.9659631093
35.9385923386
35.9208789825
36.0413297017
36.0389033635
36.004835701
35.9414070765
35.9080184301
35.9280611674
35.9326230367
35.9004965464
35.9347584407
35.945871671
35.9137451808
35.9291291555
35.9214128494
36.0499680201
36.0063881556
36.0074560801
35.9975075404
36.024489975
35.9890633901
35.9844045003
35.9033595403
35.9482982
35.9048153559
35.970088323
35.9676130295
35.9889660517
35.9044274648
36.0632652283
35.9587804794
35.9833854675
35.9880926768
35.9771247864
36.0272075653
35.9724662781
36.036234347
35.9863939285
35.9106391907
35.9028741837
35.9099597295
36.0105620066
35.9778531392
36.0161912282
36.0011472702
35.9755235672
36.0145898819
35.9093772252
35.8731740952
36.0059031804
35.9748439789
36.0124547323
36.0234707514
35.9589750926
35.9488805771
35.9500452677
35.9512100856
36.023082606
35.9288861593
35.9021948497
35.8976816177
35.9000595729
35.8820554733
35.8747759501
35.9123375575
35.9603335698
35.8833653132
35.8699224472
35.9070966085
35.9072421392
35.936893781
35.9573731105
35.9460171382
35.9652352015
35.9525201797
35.9721265157
35.9378643672
35.9247126897
35.9215580622
35.9626631419
35.8912272135
35.8648755391
35.9937223434
35.8487150828
35.8765711466
35.892780304
35.8785122554
35.8543930689
35.9727086385
35.9449983597
35.9063682556
35.9141820272
35.9380097707
35.940387853
35.8213442485
35.8560916901
35.8727856954
35.934176
35.9822205226
35.9778529485
36.0133282979
35.9976041794
35.938980484
35.9953720729
35.963536644
35.9234027863
35.8601196289
35.9029228846
35.996100235
35.950336647
35.8757949193
35.9735337575
35.9639247894
35.9458717346
36.0033794403
36.0097852707
35.924470075
35.9817351023
35.9272361755
35.9855690002
36.0015354792
35.9465025584
35.9621777852
35.9404364904
35.892731603
35.9776102066
35.9418436686
35.940096728
36.0861712138
36.0435135523
36.0141529083
36.0691375732
36.0968478521
36.1238791148
36.0635077794
36.0481239955
36.0597227732
36.0687491735
36.0325943629
36.0645755768
35.9841132482
36.0532194138
36.0377387365
36.0716608047
36.0117753347
36.1843470256
36.1355262121
36.1393599192
36.1058258057
36.1479496638
36.1172304153
36.0800081253
36.1377098719
36.1660025915
36.1734280268
36.2090001424
36.2160369873
36.2216178258
36.2412241618
36.1193655014
36.1560056686
36.1575581868
36.2104073207
36.1820660909
36.1817748388
36.2207927704
36.2075927099
36.1172304153
36.028081131
36.1680409114
36.1902678808
36.146930631
36.1313037237
36.1818719864
36.2026426315
36.2297224045
36.1658571879
36.1907044729
36.2379241308
36.215600268
36.2204532623
36.2469020208
36.2141443253
36.232391421
36.2124457677
36.1933734894
36.2359826406
36.2736416499
36.1776013056
36.1429509481
36.0681182861
36.069331487
36.0678750992
36.1359142939
36.0898111979
36.0504532496
36.0959255854
36.0345840454
36.1340702057
36.0756890615
36.1734763463
36.1333907445
36.1219379425
36.1159685135
36.1427085876
36.055500412
36.0794258753
36.0594799678
36.1776985168
36.2228795369
36.1799793243
36.0978185018
36.1672646205
36.1972073237
36.2603930791
36.2409326553
36.2095340729
36.190461731
36.1131538391
36.1654203415
36.1707101822
36.1694482168
36.1995850881
36.0906845093
36.1971588771
36.1349437714
36.20070165
36.1956545512
36.206621933
36.1959454854
36.1178124746
36.1998765945
36.1420777639
36.1395540237
36.2133194606
36.1712924321
36.1833761851
36.1976441065
36.2086606344
36.226374054
36.2316635132
36.2081752141
36.2668961207
36.2445723216
36.1990999222
36.2687889099
36.2591798147
36.3208124797
36.2819887797
36.2621402105
36.3626454671
36.3206671397
36.2817462285
36.3421658834
36.3118350347
36.2628683726
36.3210069021
36.2802902857
36.309698995
36.304603831
36.3328968048
36.3230934779
36.3938984553
36.3951119105
36.3626939774
36.3367304484
36.3694395701
36.403216362
36.4057887395
36.2734960556
36.2001677195
36.1504732132
36.1484837214
36.2500078201
36.3789027532
36.4157852809
36.3787087123
36.3903071086
36.4278208415
36.4733418783
36.43810908
36.4823197047
36.4745066961
36.3964219411
36.4319457372
36.4680037181
36.4060795466
36.5125538508
36.5084289551
36.4709151586
36.4680521647
36.4549489975
36.4517458598
36.4664506276
36.4186971029
36.5634614944
36.5644806544
36.3825425466
36.428063647
36.5081374486
36.5308495204
36.5566675822
36.5636559168
36.5882115046
36.5552600225
36.5952972412
36.5668584824
36.6538724264
36.6891535441
36.6347520192
36.5927737554
36.5434673309
36.5589968363
36.6653741837
36.5937440236
36.5872412364
36.5459907532
36.5565703074
36.5811263402
36.5857366562
36.5732647578
36.6829903285
36.7833499908
36.706721433
36.6231531779
36.5809322357
36.5896677017
36.7150685628
36.7129333496
36.6480491002
36.7872322718
36.8350341797
36.7350142797
36.6793993632
36.6798842748
36.742585055
36.777817599
36.7325393041
36.6798845291
36.6215029399
36.7756335576
36.8029558818
36.6949289322
36.7682086945
36.7472440084
36.7150683721
36.7202128092
36.8906492869
36.9014713287
36.7992680232
36.7288026174
36.8071781794
36.7520965576
36.7126420339
36.7288996379
36.7453027725
36.703712527
36.7306951523
36.7288511276
36.757289505
36.7903867722
36.7141949972
36.756707255
36.7580172857
36.7879118601
36.9268526713
36.9112745285
36.9423821131
36.9331614812
37.0298325221
37.0236209234
37.0061503092
36.8859418869
36.9382084529
37.0212913513
36.9820305506
36.9993075053
37.1563980738
37.1930867513
37.2030350367
37.5203715642
37.4833916346
37.6487325668
38.1544616699
38.6837270737
39.5785674413
40.5470762253
40.8423796336
40.8456798553
40.7918601354
40.9390026093
40.8516977946
40.9172610601
41.0181056976
40.9403125763
40.9795248032
41.0814860662
41.1044890722
41.0244633357
41.1988308589
41.0385856628
40.9819513321
40.89576238
40.8439811071
40.7751661301
40.8424766541
40.7914720535
40.8526195526
40.7151346842
40.584104538
40.6752433141
40.6439415614
40.631178093
40.6497648875
40.5865791321
40.5085434596
40.711106809
40.5387774785
40.4507929484
40.3840159098
40.3481526693
40.4284694036
40.3601394018
40.4185211817
40.2852577209
40.311754926
40.3122404099
40.3792116165
40.2577900569
40.2542472839
40.2902078629
40.3137451172
40.1825206757
40.1065227509
40.1156464895
40.0136369705
39.8974567413
39.9372998556
39.8247591019
39.8770256678
39.8299514135
39.9060951233
39.8075309118
39.7355127335
39.636803627
39.7631747564
39.6234088898
39.5957469304
39.7271656036
39.6358328501
39.6456840515
39.5906030655
39.5394040426
39.4225442251
39.4101691564
39.4795183818
39.4656384786
39.4208457947
39.4017734528
39.3282511393
39.3522733053
39.419341596
39.4412281672
39.4140514374
39.3413541794
39.3341231028
39.3900778453
39.4449651718
39.4318622589
39.3938632329
39.5024246852
39.4357927958
39.4598154068
39.4124500275
39.4490416209
39.2933097204
39.3795471191
39.3451878866
39.2807887395
39.2439061483
39.2804974874
39.2848652522
39.2853992462
39.1810117086
39.0530872345
39.1012772242
39.1940175374
39.1788765589
39.1509720484
39.0264928818
39.1892616908
39.0844373703
39.0858448664
39.0195044835
39.0292589823
38.977526474
38.8003928502
38.890415446
38.9881057739
39.0466326396
39.071043396
38.9539410273
38.8936180751
38.8290250142
38.928656896
38.935305659
38.9252115885
38.7519598643
38.8459136327
38.7352656047
38.7073612213
38.7935016632
38.8157281876
38.7626363754
38.7549688975
38.7165815989
38.7548233032
38.7929674149
38.7775836945
38.897015508
38.8612485886
38.8561534882
38.9386055628
38.8094678243
38.8987623215
38.9041976929
38.7683631261
38.8634815216
38.7437585831
38.848728625
38.7988883972
38.7355569839
38.7980634054
38.8476121267
38.8504757563
38.8322767258
38.7216775258
38.7358480453
38.8285397212
38.7897644043
38.8395077387
38.8413032532
38.7987426758
38.7903956731
38.7253658295
38.7616174062
38.7701099396
38.8506210963
38.804808871
38.7944235484
38.7227445602
38.7260450999
38.7423025767
38.6277723948
38.6274809519
38.5997221629
38.5510468165
38.641748937
38.5379920324
38.412882487
38.4854828517
38.3986632665
38.4258883794
38.4092426936
38.489267985
38.4184635162
38.3540162404
38.3181523641
38.2464739482
38.3256259918
38.3039818446
38.3405731837
38.2669048309
38.3244126002
38.3474643707
38.2648183187
38.2591883977
38.2137163162
38.3039820989
38.1636820475
38.1749895732
38.2788429896
38.1623232524
38.2093002319
38.2138134638
38.1647497177
38.1490749359
38.0882666906
38.0206649144
38.1393199285
37.9534512202
37.8555178324
37.9941189448
37.879006513
37.9435998281
37.9607307434
37.8444531123
37.9923238754
37.9705819448
37.8910903931
37.8259147008
37.6963888168
37.7792777379
37.8298460007
37.8431914012
37.7967969894
37.8091238022
37.6957094828
37.8315444311
37.7876249949
37.6876049678
37.7595749537
37.7969429016
37.7218184789
37.8688151042
37.8059692383
37.6981844584
37.8382417679
37.7995632807
37.7775793711
37.8628945033
37.7969427109
37.7259436289
37.7754442851
37.8657091141
37.7251183828
37.7657379786
37.7329802831
37.7176937739
37.6602830251
37.7946134567
37.7203627268
37.6066572189
37.6372796377
37.7423466365
37.653877004
37.6561581294
37.6421328227
37.6079677582
37.5580792109
37.501493454
37.615635554
37.5979221344
37.6269426346
37.5612337112
37.588313357
37.6085985819
37.6201000849
37.5519159317
37.5484702428
37.5340567907
37.5783161799
37.5470144272
37.5571569443
37.6647474925
37.534008344
37.5925348282
37.5126070023
37.5413363139
37.5914194107
37.5054729462
37.4920788447
37.48712883
37.4313194275
37.5420644124
37.5604569753
37.5769084295
37.4880991618
37.4565061569
37.4551473618
37.450391833
37.4667460759
37.4130720139
37.3959411621
37.4363180796
37.4380164464
37.3985134761
37.3705115636
37.3782280604
37.341636467
37.2282224655
37.3284849803
37.3477027257
37.3191670736
37.3118876775
37.2935436249
37.3421703339
37.3888070424
37.271074295
37.3311542511
37.4023471196
37.2526814143
37.2820419312
37.3442085902
37.1948338826
37.2125471751
37.2878655116
37.3119849523
37.3100921631
37.2548651377
37.259329923
37.2141487122
37.1715882619
37.2116250992
37.1942518234
37.2114795685
37.3182449977
37.3226614634
37.2357445399
37.1452363332
37.219972229
37.211042277
37.2348707199
37.1951251348
37.2172544479
37.268162473
37.1827985764
37.1671717326
37.1837202072
37.2451591492
37.2621448517
37.2369088491
37.1493131002
37.1343657811
37.111799558
37.1415969213
37.113158226
37.2016763687
37.2078882217
37.215847079
37.1367437998
37.1118478139
37.2029871623
37.1730440776
37.153777504
37.0999094645
37.1538261414
37.1884763718
37.2242427826
37.1652305603
37.1844965617
37.1058788935
37.0577371597
37.0898156484
37.0500697454
37.093891716
37.19502786
37.2639886856
37.1715878805
37.1576112747
37.156835111
37.1539717992
37.1370349248
37.1609116236
37.0564268748
37.0401691437
37.0846713384
37.0897179286
37.0246884664
37.0325503031
37.078653717
37.0867579142
37.0424988429
37.0836036682
37.0401209513
36.9876115799
37.0504093806
36.9657249451
37.0681711197
37.0523504257
37.1029670715
37.1254847844
37.0454593023
37.0649681727
37.041771253
36.9963471095
37.0580286026
36.9998896281
37.0676374435
37.134996287
37.0846710841
36.9984342575
37.1124301275
37.0749169032
37.0162440618
37.0117307027
37.0471578598
37.0920483271
37.0831666946
37.0394412994
37.1273774465
36.9735865911
36.9791674932
37.031870842
36.9920280457
36.9988221486
36.9108375549
36.9190876007
36.9500982285
37.0386652629
37.0321136475
37.0099839528
36.9721794128
37.0018794378
36.9164182663
36.9582028707
36.9011316935
36.8685197194
36.8123221715
36.8508064906
36.8471666972
36.8767213186
36.8489623388
36.8509521484
36.8995302836
36.8198441823
36.8283857981
36.8878829956
36.8028102875
36.8677431107
36.8139722188
36.7229302088
36.7788850149
36.6836214066
36.7710233688
36.7965985616
36.8345487595
36.6975009282
36.7629676819
36.8054796855
36.7857766469
36.7255509059
36.7156024297
36.7814573288
36.7145835241
36.706624349
36.6292679469
36.6689169566
36.6328591029
36.5704982122
36.675565211
36.6430019379
36.6506697973
36.591220665
36.57622509
36.5399731954
36.6321312586
36.6652283351
36.574235026
36.6315003077
36.5680721283
36.5674893697
36.613107427
36.6627047857
36.6315489451
36.5872414271
36.3989458084
36.5146891276
36.5207553228
36.5704013824
36.5792337418
36.5960735321
36.5645291646
36.6117972692
36.5718572617
36.4497079213
36.4846008301
36.4765935262
36.4829023997
36.5148347219
36.5649662654
36.5767587662
36.583455658
36.5937925975
36.5205611547
36.4925596237
36.530509758
36.5416229884
36.429519399
36.3358567556
36.358860143
36.4463104884
36.4856686274
36.4224339803
36.4203473409
36.3925881704
36.4626653035
36.495325915
36.4683433533
36.4552404404
36.4818829854
36.4788256963
36.5592393875
36.5477864583
36.6054402033
36.6445063273
36.646738561
36.6082543691
36.7730129878
37.336346817
36.8626478195
36.8159136454
36.7363245646
36.6620740891
36.5503101349
36.4920741399
36.4477666855
36.4285487493
36.5604527156
36.5774381002
36.5403128306
36.624802653
36.708517011
36.6731873194
36.8107207616
36.7565615972
36.802761968
36.8356163661
36.7685970306
36.7169125239
36.7433611552
36.7283658981
36.7705379486
36.7286084493
36.989601326
36.9206893285
36.9664528529
36.9903783162
37.0841375987
36.7830103556
36.8535242081
36.7507865906
36.842070961
36.7085655848
36.7411774953
36.6964331945
36.5934042613
36.6345578512
36.474700737
36.4196679433
36.2579664866
36.2219089508
36.1813866297
36.5428851446
36.7728188833
36.6152912776
36.2356429418
36.2740783056
36.5683630625
36.308923022
36.2942669551
36.3411464055
36.2084664027
36.330519104
36.2456887563
36.1473670959
36.2158426921
36.0887918472
36.4714977264
36.5847175598
36.6407695134
36.7683057149
36.8355678558
36.8816226959
37.1047141393
37.1756647746
37.2551563899
37.3435773214
37.430445989
37.4381619771
37.4285533269
37.6681933721
37.740890948
37.9089010874
37.7996604919
37.8674077352
37.934912618
38.0022236506
37.9878104528
38.0135795593
38.1248098373
38.1503850937
37.9833454132
38.0096487045
38.0601680756
38.0319723129
37.9132197698
37.9974193573
38.0184323629
37.9454921087
37.8464919408
37.8528488159
37.7326889674
37.784616216
37.9044846217
37.8203826269
37.8239250819
37.9149183273
37.8832770665
37.8265460968
37.7645247142
37.7881100337
37.9391345978
37.8974960963
37.9930027644
37.8568767548
37.8639623006
37.7976219177
37.8071340561
37.7981559753
37.8229061127
37.8718241374
37.7698144277
37.8870137533
37.8833254496
38.0978759766
38.0082414627
37.9310305913
37.8068429311
37.8105794907
37.7863147736
37.9176846822
37.8275164922
37.8668255488
37.8926432927
37.9446674983
38.1002534231
38.024450175
37.9428717295
38.0351266225
37.9409790039
37.9590320587
37.8240222931
37.8859462102
37.7416189194
37.8333884557
37.6945933024
37.7218674342
37.774910291
37.7345819473
37.6458695094
37.8582358042
37.6968255997
37.7799575806
37.8653695424
38.0536165237
38.2457459768
37.5867115657
37.5215849559
37.4803829829
37.6505771001
37.6914873123
37.7956811269
37.6201486588
37.7065316518
37.6056383133
37.6544591268
37.5207110723
37.4880507151
37.6601371765
37.6257781347
37.5303685506
37.4734916051
37.6529549281
37.5111023585
37.4029780706
37.3492551804
37.4201092402
37.3448393504
37.3981735865
37.3123243968
37.2749080658
37.3381905874
37.4496154785
37.3477996826
37.2473914464
37.1233496984
37.1516908646
37.2025986989
37.3955528895
37.2132268906
37.1175260544
37.156883812
37.0758876801
37.1465953191
37.3612909317
37.4501976013
37.8417843501
37.7853925069
37.8658551534
37.9928571065
37.9254493078
38.0660399755
37.9970795314
38.1351463318
38.2417180379
38.0673020681
38.058323733
38.0931682587
38.3519777934
38.4535503387
38.2368649801
38.1385436376
38.0560430527
38.6316547394
38.693384552
38.6058855693
38.64694163
38.657666715
38.7961221059
38.8282976786
38.9723337809
39.0336754481
39.1538351695
38.7453599294
38.6800875346
