1.0027401123
1.00275291748
1.00273708089
1.00273399658
1.0027361735
1.00273413086
1.0027394165
1.00274465332
1.00279849447
1.00275964355
1.00273793945
1.00267815755
1.00270832113
1.00268974202
1.00267624512
1.00266621094
1.00264743652
1.00262046712
1.00256481527
1.00253508708
1.00252181396
1.00248863525
1.00250683187
1.00248406982
1.00246342367
1.00250590007
1.00244583333
1.00247626546
1.00244061686
1.00243064779
1.00244597575
1.00242021891
1.00246246745
1.00246094971
1.00240389811
1.00243775635
1.00237875977
1.00243028971
1.00238847656
1.00236995036
1.0023369222
1.00234527588
1.00237731934
1.00232026774
1.00230981038
1.00228624268
1.00229365234
1.00228374837
1.00227813721
1.0023179362
1.00229118245
1.00228382568
1.00227643636
1.00228713786
1.00224869792
1.0022787557
1.00224478353
1.00221205241
1.00223769124
1.00222375895
1.00211365967
1.00212163086
1.00220603841
1.00221581624
1.00219272868
1.00222069092
1.00225825195
1.00220464681
1.0022387736
1.00221925049
1.00219998779
1.00218096517
1.00220741781
1.00226477458
1.00221245931
1.00218519287
1.00218617757
1.00218422038
1.00219389242
1.00218223063
1.002134493
1.00214413249
1.00211199137
1.00206409912
1.00204683838
1.0020430542
1.002080896
1.00206158854
1.0021061849
1.00215263265
1.00214816895
1.00212844645
1.00214878337
1.00217770182
1.00210426839
1.00210858154
1.00213258464
1.00213354899
1.00211623535
1.00213994954
1.00217959391
1.00215698242
1.00218562419
1.00218531494
1.00214474691
1.00216610921
1.00212652588
1.00212205811
1.00206115723
1.00210172933
1.00206212158
1.00205411377
1.00199659424
1.00196342367
1.00201103109
1.00197214355
1.00199013265
1.00199333903
1.00196338298
1.00197087402
1.00197989095
1.00197811686
1.00197255859
1.00198699137
1.00197999674
1.00203210042
1.00203083089
1.00204899495
1.00206007487
1.0020767985
1.00204584554
1.00204252523
1.00207867025
1.00209633382
1.00210941569
1.00212095133
1.00212513835
1.00216958822
1.00217804769
1.00217660319
1.00218111165
1.00219702148
1.00222981771
1.00224922689
1.00227293294
1.00230255941
1.00234941406
1.00236009928
1.00238642171
1.00239518229
1.002428125
1.00244790853
1.00247264811
1.00249645589
1.00252950033
1.0025724528
1.00258836263
1.00260862223
1.0026308431
1.00267165934
1.00269042969
1.00267524821
1.00269143473
1.002718986
1.00271220296
1.00269136963
1.00269158936
1.00270683594
1.00270684408
1.00273896077
1.00278317057
1.00279532471
1.00280457357
1.00280638835
1.00283094482
1.00282480062
1.00284247233
1.00285923665
1.00285974935
1.00291220296
1.00291609701
1.00293400472
1.002944104
1.00299656169
1.00301495361
1.00304135742
1.00308983968
1.00312594401
1.00319558105
1.00320421143
1.00320667725
1.00320977783
1.00321842448
1.00321332601
1.00323035482
1.00323645833
1.00327439372
1.00329285889
1.00329597982
1.00331017253
1.00334215088
1.0033389445
1.00339669189
1.00340662435
1.00342944336
1.00345911865
1.00348367106
1.0035226766
1.00353409831
1.00352668457
1.00351775716
1.00350466715
1.00353492432
1.00354712728
1.0035629598
1.00360664062
1.00363503825
1.00367344157
1.00369928385
1.00369258626
1.00370259603
1.00372554932
1.00376518962
1.00378299154
1.00382263184
1.00385948893
1.00384914958
1.00386593831
1.00385535075
1.00388796387
1.00392473551
1.0039052653
1.0039108195
1.00389906413
1.00390110677
1.00391944173
1.00394176025
1.00396167806
1.00397324219
1.00397591146
1.0039915446
1.00398256429
1.00401116536
1.00400719808
1.00401688639
1.00403081055
1.00404743652
1.00403470866
1.00403376465
1.00404635824
1.0040244873
1.00410648193
1.00417929687
1.00429425049
1.00434847819
1.00435032552
1.00431146647
1.0043049235
1.00433863525
1.00434434408
1.00438389486
1.00438656006
1.00440473633
1.00439822591
1.00439565837
1.0044176473
1.00445093994
1.00447952881
1.00450993245
1.00452743734
1.00453051758
1.00454812826
1.00456860352
1.00457780355
1.00454408366
1.00453179118
1.00456335042
1.0045983724
1.00459654134
1.00458977865
1.00462428385
1.00456518148
1.00460708822
1.00462316488
1.00460068359
1.00462689616
1.00463710124
1.00465373535
1.00466964925
1.00471053467
1.00473944499
1.00476371257
1.00479058024
1.00482889811
1.00484354655
1.00484007161
1.00485806071
1.00485222982
1.00489488932
1.00487975667
1.00489142253
1.00491448568
1.00495616862
1.00498128255
1.00503397624
1.00506148275
1.00509739583
1.00511576335
1.00506898193
1.00502773031
1.0050636027
1.00509276123
1.00508690186
1.00512169189
1.00511553141
1.00510394287
1.00510862223
1.00511063232
1.0050642334
1.00508510335
1.00510489095
1.00511006673
1.00511477865
1.00509595947
1.00512207845
1.00510889486
1.00514916585
1.00516755371
1.00521513672
1.00524418945
1.00526866048
1.00529533691
1.00531610107
1.00532609863
1.0053595988
1.00539381917
1.00543756917
1.00547054036
1.00547596436
1.0054683431
1.00550381673
1.005509257
1.00553610433
1.00554326172
1.00556726481
1.0055753418
1.00560071615
1.00560039876
1.00561468506
1.00565282389
1.00569647624
1.00573520915
1.00577421875
1.00579102783
1.00579080811
1.00581117757
1.00580312907
1.00579578857
1.00583763835
1.005846639
1.00583519694
1.00586691895
1.00582006836
1.00584224447
1.00585837402
1.00584020182
1.00588399658
1.00590970052
1.00594303385
1.00597058919
1.00598467611
1.00600018717
1.00599877523
1.00604101562
1.00605581462
1.0060632487
1.00608210042
1.00610078532
1.00614949951
1.00614639893
1.00614023844
1.00610246175
1.00610696208
1.00613741048
1.00616723633
1.00618440348
1.0061844401
1.00619905192
1.00619429525
1.00623975016
1.00624764811
1.0062510376
1.00634222819
1.00629949951
1.00627985026
1.00627633057
1.00631105143
1.00633737793
1.00634855143
1.00633203532
1.00634570719
1.00635036214
1.00638092041
1.00639914144
1.00640644124
1.00641704508
1.00645392253
1.00646590169
1.00649045817
1.00651282552
1.00656228841
1.00658227539
1.00658489176
1.00659112956
1.0066054484
1.00663979899
1.00664559326
1.00663771973
1.00667615153
1.00670068766
1.00669531657
1.00669679769
1.00670331624
1.00668897705
1.00669573975
1.00671254883
1.006737618
1.00672143148
1.00671801351
1.00672902018
1.00670926514
1.00672869059
1.00675199788
1.00677074788
1.0067784139
1.00680092773
1.00683348389
1.00686312256
1.00688210042
1.00691631673
1.00691473796
1.00693270264
1.0069449585
1.00698477376
1.00699288737
1.00704929606
1.00707810059
1.00709322917
1.00712939453
1.00715168864
1.00717964274
1.00718398844
1.00719284261
1.00720837402
1.00721334635
1.00724604492
1.00728364665
1.00731352539
1.00731516927
1.00733534342
1.00737470703
1.00741095785
1.00741153971
1.00741870524
1.00742847087
1.00746514486
1.00748567708
1.00752152507
1.00756409098
1.00760347493
1.00763583984
1.00765606689
1.00765894775
1.00768931885
1.00772283122
1.00773649089
1.00774703369
1.00778752035
1.00781887614
1.0078339681
1.00786240641
1.00788526611
1.00791269938
1.00792132975
1.00791344808
1.00792495117
1.00794134115
1.00795767822
1.00799095866
1.00798977865
1.00802293294
1.00803725586
1.00804978841
1.00806786702
1.00806450195
1.00808446452
1.00809961344
1.00813607585
1.00814429932
1.00815817057
1.00816604818
1.00817024333
1.00819248454
1.00819063314
1.00819548747
1.00820148112
1.00819223633
1.00818799235
1.00821342367
1.00822085775
1.00822847493
1.00825053711
1.00827312012
1.00828068034
1.00830359294
1.0082999349
1.00833499756
1.00832562663
1.00832428385
1.00833609212
1.00836066895
1.00838083089
1.00837932943
1.00839639079
1.00842264811
1.00842882487
1.00840714518
1.00840205892
1.00841197103
1.0084292277
1.00843927816
1.00843536377
1.00846037191
1.00847932129
1.00850456543
1.00850408529
1.00852833252
1.00855753174
1.00855397542
1.00856403402
1.00856899414
1.00858945719
1.00861496175
1.00863560384
1.00867745361
1.00870430501
1.00873420817
1.00877602132
1.00879873047
1.00883786621
1.0088477417
1.00887073975
1.00886776123
1.00886600342
1.00886462402
1.00891770833
1.00892934977
1.00894122721
1.00895879313
1.00897793376
1.00899205322
1.00900298258
1.00903959961
1.00907698975
1.00909734701
1.00912134196
1.0091449056
1.00915876058
1.00916903483
1.00921717529
1.00926761068
1.00929895833
1.00932000732
1.00933619792
1.0093612915
1.00938827718
1.00942292887
1.00943708089
1.00944440104
1.00941784668
1.00942544352
1.00944906006
1.00942120361
1.00943784587
1.00946856283
1.00945860596
1.0094502889
1.00946075439
1.00947001953
1.00946762695
1.00949653727
1.00952329915
1.00951690674
1.00951701253
1.00950524902
1.00946831868
1.00948725993
1.00950373942
1.00950434977
1.00951813151
1.00956020508
1.00956676025
1.00957911377
1.00957904867
1.00961209717
1.00957421875
1.00957258301
1.00957645671
1.0096444458
1.0096507487
1.00969667155
1.00977937012
1.00984532471
1.00993089193
1.0099294515
1.00995385742
1.00996123047
1.00994660645
1.00995183512
1.01000751953
1.01004740804
1.01008697917
1.01007944743
1.01009924723
1.01009794922
1.01008111165
1.01013246663
1.01006565755
1.01014927979
1.01012573242
1.01016149089
1.01016379395
1.01017240397
1.01019673258
1.01022054036
1.01024131266
1.01027446289
1.01029342448
1.0103190918
1.01032977702
1.01034978841
1.01039344889
1.0104366984
1.01049147542
1.01056489258
1.01065366618
1.01072571208
1.01074671224
1.01077088216
1.0108010498
1.01079197998
1.01080471191
1.01080862223
1.01080902913
1.01080527344
1.01083284912
1.0108627238
1.01089677327
1.01092131348
1.01093203125
1.01092570394
1.0109554891
1.01098155111
1.01100085449
1.01101607666
1.01102598063
1.01105203451
1.01106152344
1.01104601644
1.0110423055
1.01103603516
1.01102541097
1.01102739258
1.01101946208
1.01103968913
1.01104646403
1.01106287435
1.01106422119
1.01109066569
1.01108854167
1.01106652425
1.01108492839
1.01108586019
1.01107674967
1.0110942749
1.01109436442
1.01107969157
1.01107816976
1.01107108561
1.01108729248
1.01109984538
1.01112814941
1.01113522949
1.01114569499
1.01116532389
1.01116109212
1.01118185221
1.01120992432
1.01124206543
1.0112537028
1.01127993571
1.01129927979
1.01133689372
1.01135455729
1.01139877116
1.01144316813
1.01147582601
1.01153934733
1.01156916504
1.01161260579
1.01163485514
1.01164216715
1.01166921794
1.01169229736
1.01170467122
1.01174647624
1.01175749919
1.0117906901
1.01182881266
1.01185669352
1.01188880208
1.0119049113
1.01194318441
1.01199168701
1.01204379069
1.01205515137
1.01211166585
1.01211793213
1.01213892822
1.01215155843
1.01216899414
1.01219926758
1.01221164958
1.01222550049
1.01223755697
1.01225651042
1.01225541585
1.01227159017
1.0122879598
1.01230389811
1.0123274943
1.01231599528
1.01233579102
1.01233977051
1.01237561849
1.01239658203
1.01241469727
1.01241993815
1.01243342692
1.01245502523
1.01244777832
1.01242438558
1.01247163493
1.01248434652
1.01248486735
1.01249782715
1.01250963542
1.01252586263
1.01250177816
1.01250285238
1.01250189616
1.01251186523
1.01251565755
1.01251889648
1.01253071289
1.01252521159
1.01251997884
1.01254418132
1.01252266439
1.01251345215
1.01252412109
1.01253583577
1.01252206624
1.01251345622
1.01249208171
1.01250604248
1.01252478434
1.01253330485
1.01254991455
1.01257069906
1.01261601969
1.0126150472
1.0126565389
1.01269059652
1.01273142497
1.01275905762
1.01279119873
1.01282148438
1.01284532471
1.01288001709
1.01290323079
1.01292633057
1.01296721598
1.01298618571
1.01301624349
1.01304496257
1.01306358236
1.01308607585
1.01308945719
1.01309534098
1.01308839111
1.01310674235
1.01310267334
1.01312410889
1.01318366699
1.0132260498
1.01324619954
1.01323653971
1.01325263672
1.013268868
1.01327423503
1.01328752441
1.01329395752
1.01330540365
1.01332052409
1.01332718506
1.01332847087
1.01332422282
1.01332875977
1.01333905843
1.0133434082
1.01333844401
1.01335152588
1.01336392822
1.01336136068
1.01337231852
1.0133617391
1.01337637126
1.01336844482
1.01338898926
1.01339598389
1.01341512858
1.01341964925
1.01342012533
1.01342674154
1.01345109049
1.01345673014
1.01347784831
1.01350030111
1.01351435954
1.01351398519
1.0135345988
1.01354583333
1.01356836344
1.01359829508
1.01359796143
1.01362869466
1.01364013672
1.01366326904
1.0136793335
1.01371461589
1.013765743
1.01379871419
1.01383278809
1.0138575887
1.01394843343
1.01396624756
1.01397012939
1.01398276367
1.0139736735
1.01396397298
1.0139227417
1.0139162028
1.01389207764
1.0138857666
1.01391410726
1.0139218221
1.01393201497
1.01394684245
1.01397387288
1.01400450033
1.01403044027
1.01403475749
1.01407485352
1.01410412191
1.01413065999
1.01414843343
1.0141764445
1.01419756266
1.01420281982
1.01423470866
1.01424108073
1.01424807943
1.0142670166
1.01427914632
1.01428108317
1.0142792806
1.01429619548
1.01432540283
1.01435138753
1.01437642008
1.01440661214
1.01445203857
1.01447152913
1.01448369548
1.014471757
1.01448415934
1.01446390381
1.01444029948
1.01444968262
1.0144409139
1.01445528564
1.01449025065
1.01450051676
1.01453629557
1.01457529704
1.01458651937
1.01460775553
1.01460454508
1.01462190755
1.01464652913
1.01464729004
1.01466780599
1.01467046305
1.01468540853
1.0146754598
1.01466601562
1.01465842285
1.01465373128
1.01466322021
1.01463252767
1.01463788656
1.01463120931
1.01461811523
1.01459031169
1.01457367757
1.01458462321
1.01457823486
1.01458758138
1.01459648844
1.01461488851
1.01461067301
1.01462092285
1.01460708415
1.01460476888
1.014649764
1.01470494792
1.01472770182
1.01471432292
1.01472460938
1.014737736
1.0147634847
1.01478244629
1.01479342041
1.01479475911
1.01480453695
1.01482331543
1.01483289795
1.01482885335
1.01481697184
1.01483221842
1.0148677653
1.01486474609
1.01487075602
1.01486553141
1.01489510091
1.01493578695
1.01495054525
1.01495811361
1.01496147054
1.01496372884
1.01495227458
1.01494972331
1.0149554484
1.01495806071
1.01495281576
1.01495680339
1.01496109212
1.01492526855
1.01493732503
1.014953479
1.0149269165
1.01493889974
1.01496901042
1.0150041626
1.01503052572
1.01503679199
1.01507606608
1.0151111613
1.01514367676
1.01517873535
1.01520871175
1.01525356852
1.01526179199
1.01532416178
1.01534815674
1.01536855469
1.01537932129
1.0154070109
1.01544197591
1.01548372803
1.01551688232
1.01553194987
1.01553506673
1.01550212809
1.01551900635
1.01553784993
1.01561733805
1.01564766439
1.01568236491
1.01567396647
1.01568158366
1.01571614176
1.01575953369
1.01582045898
1.01585845947
1.01591515706
1.01590152995
1.01589586589
1.01588645833
1.01592443034
1.01593695068
1.01594600016
1.01595671794
1.01598832601
1.01599552002
1.01599661865
1.01603523356
1.01604954834
1.0161007487
1.01612934163
1.01614940592
1.01615927327
1.01618051758
1.01620994466
1.01620367025
1.01621238607
1.01621641846
1.01623908691
1.01624429118
1.0162854126
1.01628246663
1.01626941325
1.01629282633
1.01629196777
1.01632240804
1.01633636882
1.01634409587
1.01632393392
1.01632655436
1.01635554199
1.0164006307
1.01643161214
1.016475354
1.0165016805
1.01651327718
1.01654647217
1.01657473958
1.01661661784
1.01662387695
1.01665078939
1.01666542155
1.01666658936
1.01666273193
1.01667163493
1.01667996419
1.016687146
1.01668973796
1.01669005534
1.01671155192
1.01671824544
1.01674370931
1.01678321533
1.01683448893
1.01685121663
1.01687380371
1.01689066569
1.01689864095
1.01689404704
1.01689173584
1.01687444661
1.0168093099
1.016856132
1.01686858724
1.01685157471
1.01685174967
1.01686068929
1.01685708822
1.01684395752
1.01685903727
1.01684956055
1.01684029134
1.01685136312
1.01689221191
1.01690294189
1.01694026693
1.01697441406
1.01699660645
1.01703960775
1.01710359294
1.01714630534
1.01719238281
1.01724027913
1.01727699788
1.01730537923
1.01733604329
1.01736822103
1.01739014893
1.01740384928
1.01741717529
1.01745250244
1.01747884928
1.0174880778
1.0174962443
1.01751149495
1.01750734863
1.0175271932
1.01754558919
1.01755875651
1.01761756592
1.01762711995
1.01762137858
1.01766547445
1.01768714193
1.01773105469
1.01776783447
1.01781066488
1.01781623942
1.01784851481
1.01784674886
1.01784682617
1.01788491211
1.01792588298
1.01799026693
1.01802104899
1.0180699707
1.01810038656
1.01807458089
1.01810381266
1.01813743083
1.01816223551
1.0181206543
1.018115979
1.01813895671
1.0181567627
1.01814672038
1.01819210612
1.0182135498
1.01822421875
1.01824901123
1.01827307129
1.0182891276
1.01829259847
1.01829706217
1.01828540446
1.01829984945
1.01829783936
1.01829818929
1.01831827393
1.01834750977
1.01837952067
1.0184170166
1.01841855876
1.01844337565
1.01843266195
1.01844813639
1.01846609294
1.01848542074
1.01849934082
1.01850272217
1.01850909424
1.01854060465
1.01856189372
1.01856968994
1.01860187174
1.01863564046
1.01867701009
1.01869573975
1.01870624593
1.01872799479
1.01876143392
1.01879136556
1.01884801432
1.01888868815
1.01890235596
1.01896172282
1.01896095785
1.01899215495
1.01901902262
1.01905133057
1.01908317057
1.01911411947
1.01913026123
1.01915356852
1.01919350993
1.01918546143
1.01919588623
1.01924521891
1.01927902018
1.01929985758
1.019322111
1.01936084798
1.01938319499
1.01941334229
1.01943982747
1.01947716471
1.0195301473
1.01956309814
1.01957682292
1.01959194336
1.01961337484
1.01962732747
1.01963852539
1.01964975179
1.01967399089
1.01970360107
1.01971309001
1.01971505127
1.0197141154
1.01974336344
1.01978938395
1.01983354492
1.01987727865
1.01989713949
1.01993555501
1.01997900391
1.01998234456
1.01999525146
1.0200170166
1.02004561361
1.02005175374
1.02005814209
1.02006841634
1.02006981201
1.02011292725
1.02013521322
1.02016611735
1.02019683431
1.02020096029
1.02021095378
1.02022661947
1.02025351562
1.02026223958
1.02029533691
1.0203113973
1.0203194458
1.02033420817
1.02034666748
1.02037329102
1.02040321859
1.02042484131
1.02045924479
1.02049748535
1.02050626221
1.0205390625
1.02057335612
1.02059314779
1.02061441243
1.02064183757
1.02067613525
1.02070021566
1.020725118
1.02076011963
1.02075476888
1.02075253092
1.02075945231
1.02075439046
1.02075524089
1.02076894124
1.0208177002
1.02084489746
1.02084130859
1.02084915365
1.02086297607
1.02087894287
1.02090102946
1.02091875407
1.02094151611
1.02094951172
1.02095229899
1.02097263184
1.02097988688
1.0209938151
1.02101287028
1.02103771159
1.02104431966
1.0210619222
1.0210826416
1.02110855306
1.02117110596
1.02118961995
1.0212649943
1.0212844279
1.0212910319
1.02130272217
1.02135077718
1.02136552327
1.02139862467
1.02140211589
1.02143009033
1.02145332438
1.02150263265
1.02152086995
1.02152510173
1.02153214518
1.02156081136
1.02156734212
1.02160288086
1.02161165771
1.02161485596
1.02164093424
1.02163525391
1.02165348307
1.02166756592
1.02166939697
1.02169256592
1.02170625814
1.02173134766
1.02175751139
1.02177714844
1.02180473226
1.02183153483
1.0218520874
1.0218784139
1.02190837809
1.02191756999
1.02191276042
1.02192759196
1.0219545695
1.0219565389
1.0219894694
1.02201632487
1.02204267578
1.02209557292
1.02211782633
1.02215710042
1.02219031982
1.02219905192
1.02220280762
1.02220802002
1.02216812744
1.02219145915
1.02216044515
1.02218318685
1.02220556234
1.02222661133
1.02226679281
1.02230108643
1.02232936605
1.02234966227
1.02235673828
1.02238005371
1.02241035156
1.0224608846
1.02250760498
1.02258388672
1.02258516032
1.02261674805
1.02265357666
1.02265563965
1.02265883789
1.02266456706
1.02268069661
1.02268705648
1.02268532715
1.02269236654
1.02268240153
1.02265594076
1.02271040853
1.02272386068
1.02272441406
1.02272679036
1.02275961914
1.02278025716
1.02279401042
1.02279702555
1.0228196696
1.02282436117
1.02285657552
1.02287731934
1.02289864502
1.02292228597
1.02295630697
1.02295372314
1.02296381836
1.02298664144
1.02300364583
1.02301902262
1.02303528239
1.02303018392
1.02304525146
1.02306418864
1.02312727865
1.02317849528
1.02316674805
1.02318730876
1.02319534912
1.02321128743
1.02322224935
1.02324144694
1.02324513753
1.02327523193
1.02332804769
1.0233383016
1.02343562012
1.02346627197
1.02347355143
1.02346967773
1.02344007568
1.02342477214
1.02343517253
1.02345414225
1.02347617188
1.02349392904
1.0235098348
1.02350061849
1.02350637207
1.02351572266
1.0235175415
1.02354093018
1.02355010173
1.02359525553
1.02362172852
1.02362183431
1.02363192546
1.02365517171
1.02366097412
1.02358724772
1.02354564209
1.02357548828
1.02358229167
1.02358579508
1.02358237712
1.02359026693
1.02356020915
1.02352287598
1.02350033366
1.02348282064
1.02348557943
1.02347822266
1.02350300293
1.02352274984
1.02357744141
1.02360502523
1.02364674072
1.02366737874
1.02367106934
1.02365581868
1.02364290365
1.02363081055
1.02361957601
1.023621639
1.02360738525
1.0236247111
1.02362496745
1.0236538208
1.0236771932
1.02369437663
1.02372928874
1.02374604085
1.02377127279
1.02380822754
1.02384420166
1.02385533854
1.02387439372
1.0238849528
1.02390001628
1.0239007487
1.02390495199
1.02391869303
1.02393009033
1.02395119629
1.02395992025
1.02396642253
1.02398279215
1.02398426514
1.02399589844
1.02402917074
1.02404802653
1.02406717936
1.02408175863
1.02411460368
1.02415346273
1.02417465413
1.02418448079
1.02420216878
1.02418354085
1.02417482503
1.02416291097
1.0241567749
1.02417271322
1.02416853027
1.02417443848
1.02419935303
1.02422510986
1.02425651855
1.02427097168
1.02431181234
1.02433418783
1.02436173503
1.02438087565
1.02439117432
1.02440039063
1.02440181071
1.02437582194
1.02436256917
1.02439134521
1.02440965576
1.02440554606
1.02443012695
1.02444877523
1.02445979411
1.02446151123
1.02443809001
1.02442780355
1.02442361654
1.02440965576
1.02442923584
1.02444012451
1.02445940348
1.02446096598
1.02449393717
1.02449372965
1.0244899821
1.02448065999
1.02448041585
1.02449794922
1.02451697998
1.02451553141
1.02452585449
1.02454151204
1.02456033122
1.02461130371
1.02462782389
1.02464820964
1.02466942952
1.02469807129
1.02473098958
1.02473815918
1.02476118164
1.02479954834
1.02484802653
1.0248888387
1.02491988932
1.02493632813
1.02494778239
1.02496559245
1.02499526774
1.0250168335
1.02498507487
1.02500791829
1.02500441488
1.02498058675
1.02500052083
1.025024646
1.02505903727
1.02508375651
1.02508943278
1.02510343018
1.02509195964
1.02507902425
1.02505121663
1.02504700928
1.02505166829
1.02502596029
1.02501609701
1.02500741781
1.02500233968
1.02500151774
1.02499407552
1.02500198975
1.02500497233
1.02499437663
1.02500230306
1.02499158529
1.02501199951
1.0250263387
1.02504886475
1.02502504069
1.02502428385
1.02503220622
1.02503291829
1.0250583252
1.02508324788
1.0251075887
