16.0522917048
16.2902084573
16.4565104103
16.4886979612
16.5658854008
16.6432812087
16.7089582729
16.8199480883
17.002708451
17.0100520484
17.1541146787
17.1715625795
17.2020313803
17.1836979675
17.2356769721
17.2672397264
17.1802082411
17.1105730089
17.2968750445
17.3302083778
17.1364582888
17.1266666444
17.0526041349
16.803749911
16.8020311864
16.8616664505
16.9219270325
16.9521354421
17.043385423
17.0280729802
17.064010458
17.0149478499
16.9286457125
16.9001041889
16.9938540236
16.9507812723
16.8014584955
16.897395703
16.9404687627
16.9583853563
17.0909896437
17.0418749714
17.1075001017
17.119999876
17.1585416667
17.2441668288
17.2578124523
17.2187498697
17.293385404
17.2865104453
17.2717187786
17.256562589
17.5055209446
17.5318750413
17.6972395293
17.8291146119
17.7926561642
17.954062589
18.1474478308
18.2687500509
18.3551041412
18.5048958556
18.6090103308
18.6794791857
18.7207811673
18.7066144784
18.7180728976
18.831562554
18.8640104866
19.0452084128
19.09864604
19.2595834668
19.4126562405
19.5915104008
19.6260938613
19.7663020007
19.8129166762
19.9456251272
19.9170313136
20.1527603404
20.2357293129
20.3499481297
20.290989631
20.1705207698
20.4396875127
20.4441668606
20.308073047
20.4933334128
20.5993230788
20.7763022041
20.8719791444
21.0922916889
21.0756250254
21.191614596
21.3482291857
21.3678124237
21.5213021787
21.5371873824
21.6431250095
21.6613022804
21.3906249332
21.2436978404
21.6218749523
21.4673958524
21.6671352641
21.8913541985
21.9861457221
22.1027603308
22.0109375032
20.7893229198
21.7913021501
21.3622916889
21.6486980152
21.9510420036
22.007604049
22.0876561133
22.123958257
22.2111978658
22.2472918542
22.2642710082
22.2595314693
22.2368228404
22.3829685942
22.4584895706
22.6622394753
22.7035416762
22.7691669623
22.7746875509
22.8482811165
22.9600519339
23.0228645706
23.1535415586
23.0965103563
22.9948958079
23.1778123697
23.2821874173
23.2253123093
23.3371355915
23.3490624555
23.367083505
23.3798437595
23.4030208969
23.2808331331
23.2965626208
23.2619271501
23.3340102959
23.3963023281
23.341823295
23.4167187373
23.4336980152
23.5209375763
23.4581770611
23.4783334351
23.3544793447
23.2560938358
23.2038542112
23.1635938899
23.0970311991
23.0802082698
22.9551560656
22.8686979866
22.8280729357
22.9165622362
22.9818229071
22.846874876
22.8124997234
22.6768749619
22.6714584351
22.6330728881
22.6081770897
22.6833854675
22.6512498633
22.6024479198
22.5814583206
22.5631771247
22.4361458651
22.4633852863
22.3476040395
22.3162501907
22.1743747552
22.2027083206
22.2624478308
22.2333330981
22.18052097
22.1479687945
22.0986457539
22.0792187468
22.153437446
22.0952602577
21.9946354802
21.9880209668
21.9760414982
21.8952083429
21.8652082284
21.8751562246
21.8850520706
21.8796875445
21.7628644371
21.8430732409
21.7417189535
21.6563542461
21.6340625032
21.6702606996
21.7086456935
21.6331770865
21.5571874587
21.6076561292
21.6282289855
21.579374946
21.5040105216
21.5772918638
21.420156304
21.3966147073
21.3143749936
21.3074480279
21.1793229453
21.2410417175
21.2167186069
21.1978647582
21.2444790808
21.2823439153
21.2699476433
21.1739061737
21.2443231964
21.2105730724
21.1795833365
21.1973438549
21.0882812595
21.1026041476
21.1683331553
21.0914583079
21.0716144085
20.9317708397
20.8711457952
20.9507291412
20.9230728245
20.8311979834
20.8054687405
20.8297918161
20.7598436165
20.7133852863
20.7169792239
20.700572958
20.6422395833
20.6482814693
20.7102603849
20.6613020802
20.6469270229
20.6727605915
20.627656215
20.6758855565
20.6408331903
20.5923439185
20.6296873951
20.6561979294
20.5211460209
20.4772393258
20.5283854485
20.5252083143
20.4742709446
20.3858332666
20.467031498
20.4901041921
20.5266665268
20.3839061483
20.4543750286
20.458333168
20.337604243
20.4417710272
20.2779688454
20.297135493
20.2841146533
20.2428644625
20.0833853372
20.0556770643
19.9976562754
20.0739585018
20.132135671
20.1270834255
20.0229166889
20.1217189884
19.9838540872
19.9360414346
19.9546875191
19.9357813295
20.002396094
19.8886458238
19.822031161
19.8886980947
19.9014582666
19.790520792
19.8008333588
19.8833854771
19.8726560752
19.817864364
19.698281196
19.5996353881
19.623645916
19.7056771215
19.7630728849
19.6813019466
19.664479173
19.6239581649
19.6327603658
19.7555731169
19.6516146056
19.6193229198
19.5509375572
19.6434896851
19.6750519307
19.5447915649
19.5920313994
19.428801918
19.4539582666
19.5626041635
19.4502605979
19.3794270674
19.5021355565
19.5635416667
19.6282811101
19.4942708015
19.5486458492
19.5060937309
19.3692187977
19.4483334955
19.5392187977
19.4227604389
19.424375
19.3404686896
19.3182290681
19.4036457634
19.3379167207
19.3053646406
19.2598957761
19.305677007
19.3604168288
19.2473437659
19.1753122838
19.3391146215
19.2883854008
19.2382292843
19.2541146946
19.2175000954
19.1350520007
19.1053646501
19.0519273535
19.0523958747
18.9758853372
19.0173957062
19.0099481074
18.9782812913
19.0716144975
19.0250000477
19.0519271914
19.0095833111
18.997395951
18.9286979135
19.0287498887
18.9391145897
18.8812501844
18.9920833906
18.9298958937
18.9726562373
18.8736460241
18.8543229167
18.8321875858
18.8718229739
18.8156771374
18.8233851941
18.8016145452
18.7694270134
18.7328647391
18.8304686928
18.7847397168
18.7728125159
18.7407811578
18.7780728245
18.7219791031
18.7536457094
18.7351561546
18.7092709955
18.6220834064
18.6683853531
18.6184374269
18.6722397073
18.6878646437
18.6943229516
18.6503123919
18.6168751462
18.5667186769
18.6456769594
18.6546354485
18.5438019562
18.4734375286
18.6031250286
18.5180209986
18.5481771278
18.4902605184
18.491458451
18.4781769784
18.4231250159
18.4668227863
18.4452083079
18.3924999205
18.4416145166
18.4993751144
18.4548436451
18.4393749396
18.4577604707
18.452708451
18.3717187087
18.4278647868
18.3975523885
18.4092187691
18.3892708333
18.3242708524
18.3917187595
18.3217188835
18.2216665459
18.3523959255
18.3533854294
18.3083854008
18.349895757
18.2472396596
18.2429688517
18.2592186101
18.1682812945
18.246041549
18.2322397073
18.2491146819
18.1920833715
18.2250519625
18.2429687945
18.233385156
18.2932812977
18.3175001462
18.326822745
18.2710417493
18.3504164473
18.3435417334
18.2511978563
18.3417707539
18.2522915808
18.3274478658
18.2172395198
18.2292707539
18.1814583365
18.21765625
18.1993751272
18.1067188231
18.1542188644
18.1050521024
18.1054689217
18.1424479675
18.0951561451
18.0271352673
18.0875521978
18.031145827
18.0539581331
18.0628644943
17.9804167366
17.8843228531
17.9657812754
18.0256770293
18.0083855788
18.0421354612
17.9992706299
17.9300002893
18.0001043479
17.9628125191
18.0091147264
17.9339584986
17.9147395166
17.9064063485
17.8715626589
17.798021005
17.8916665904
17.8957291444
17.9113542747
17.8588021596
17.9363022168
17.8664583047
17.9390103817
17.8324480693
17.8348438899
17.865416495
17.8471876176
17.8326563358
17.8055208524
17.8134374619
17.7658333937
17.7543228785
17.7983853022
17.7873435338
17.7549999905
17.6908854675
17.7841147423
17.8104164124
17.8242188295
17.7858334064
17.6988019784
17.7427083015
17.7092186769
17.7326561451
17.7275518576
17.7440622807
17.8339583874
17.7974479357
17.7275521119
17.7056250381
17.5890103022
17.6958334764
17.6908333937
17.6881250223
17.6993751367
17.6829686324
17.6707813422
17.7083854834
17.7347916603
17.6860418638
17.6540623506
17.7182812023
17.6862499555
17.6797917175
17.6320833365
17.7005728881
17.6113541794
17.5507814598
17.5942710559
17.5955728054
17.5232292016
17.5836459955
17.5779165522
17.5330729294
17.5303644657
17.5891145229
17.6140103022
17.542291832
17.5595831553
17.5543750954
17.5342705568
17.5193228404
17.4271356265
17.52015625
17.5179166921
17.5188542048
17.579114596
17.5325000095
17.4815625477
17.5103644371
17.4969271978
17.4471875286
17.5468748856
17.5190622965
17.5235418161
17.4893228372
17.4634375095
17.3432810783
17.412760334
17.3599478563
17.317239631
17.3694270674
17.378802042
17.4243748601
17.4502603817
17.471770757
17.3933336385
17.37666646
17.408229154
17.3589061419
17.2488540967
17.3596355025
17.3196875381
17.2823959732
17.2696876526
17.3334374173
17.2292708556
17.3014061546
17.293801953
17.278437554
17.2824999714
17.3012497298
17.3477603817
17.3401042271
17.312135404
17.2894790936
17.2798437468
17.2266146374
17.185208381
17.1953124968
17.2081769753
17.2016667684
17.1733853881
17.1603644657
17.2222395229
17.2301042684
17.2041666794
17.1223957888
17.2059895134
17.1889583747
17.1973437277
17.1564062277
17.1482291508
17.1958332221
17.1473957952
17.1623439884
17.1430728976
17.1053127766
17.1196875254
17.1323436451
17.1543750699
17.1309897709
17.0548957602
17.0668229771
17.0748437373
17.0840103436
17.0595831553
17.0628124364
17.0891145356
17.0811458969
17.0987500509
17.0893752035
17.0640624587
16.9706250381
16.9954686769
17.0234895388
17.0427602863
17.1029166953
17.0506771056
17.0468750127
17.0741665904
17.0516668415
16.9885414346
17.0052605343
16.9918748156
16.961197834
17.0312497266
16.9097394435
16.9615103912
16.8903645039
16.9635936578
16.9475000763
16.9834374968
16.9198957094
16.9945831966
16.8826042557
16.9969271151
16.9728645611
17.1148439852
17.0555209287
16.9911978849
16.9888020992
16.9385939598
16.945677042
16.9803125858
16.8662499301
16.864843696
16.9130729771
16.869218839
16.8555728149
16.7889061642
16.7858334732
16.9396874078
16.8041144625
16.9232290586
16.8410417461
16.7167707189
16.7205207348
16.8262500858
16.7560415173
16.8142707443
16.7986977959
16.7922915936
16.7872914918
16.7731251494
16.7359374905
16.7457290936
16.8505730883
16.6448438644
16.6549478213
16.6684375318
16.7018750381
16.755260423
16.735364809
16.757135334
16.6988542334
16.7333855788
16.7418230979
16.719166619
16.7463019721
16.7245833715
16.7458854834
16.7715624428
16.7308853372
16.8051042811
16.7844271564
16.7419792016
16.7617187532
16.6811979707
16.7238540427
16.7653647518
16.7523437627
16.7327603944
16.6416147836
16.6658854485
16.7040104294
16.6490627289
16.704062465
16.7066666444
16.6328646151
16.5839581235
16.715573082
16.6937498601
16.6677604389
16.6755729135
16.6726041126
16.6599477832
16.7204167398
16.6808853054
16.7415623442
16.6410937723
16.6609373347
16.6477083842
16.6713542779
16.6488541253
16.6889583015
16.641458346
16.6359893926
16.6644791635
16.711979154
16.7178124142
16.8211978976
16.7611978086
16.6644792589
16.6392708937
16.6208854993
16.5623958969
16.534843785
16.5353644307
16.5772395833
16.5932812723
16.6354686832
16.6095832825
16.6100002003
16.6363021851
16.6309373887
16.5684895897
16.5598435752
16.6181249619
16.5929686991
16.5532813867
16.5596355025
16.4841665332
16.5483856074
16.4982812214
16.6178125477
16.6963019466
16.5255208397
16.5011978881
16.499895916
16.501927201
16.4691667461
16.5236979389
16.4556770611
16.4875000413
16.3955728849
16.4588542048
16.4993227704
16.4894270674
16.5312501653
16.5136980534
16.3684375604
16.4620312119
16.499531196
16.5561457189
16.6271875381
16.5052604008
16.5113540332
16.3944792112
16.5196353149
16.4393230152
16.3488020706
16.3625518068
16.4872915459
16.4405729135
16.4567186896
16.3924999714
16.3614582729
16.3438019276
16.31880222
16.3109372997
16.3581250858
16.3558855216
16.4010416508
16.3076043447
16.3476041222
16.3804688613
16.3197395293
16.4523437341
16.3157291698
16.3778645897
16.3502604167
16.3129689248
16.3725000127
16.3535935593
16.3552083937
16.2854166826
16.23447896
16.2782292016
15.9252084446
15.9897915554
16.0994791857
16.0270313072
16.1041667589
16.1318749428
16.10635396
16.1253126717
16.0971874555
16.0979687945
16.1529165618
16.1681252035
16.1040623951
16.1276040586
16.1250000159
16.0745832888
16.1730207062
16.1817706553
16.1459375159
16.1327082348
16.1244791381
16.2430207729
16.2516147073
16.2225000636
16.1141664696
16.2278647359
16.315208346
16.2679688104
16.275104119
16.2261459128
16.334635299
16.3771874682
16.7245312754
17.0386980089
17.1218230216
17.1843752035
17.3690104707
17.5107292175
17.6368749936
17.8215102323
17.8151559957
17.9649479071
18.0364063962
18.1945831807
18.3629686769
18.4911458079
18.5867708651
18.7763020166
18.8613022486
18.9268229802
19.0018229135
19.0751564026
19.1071875413
19.2048958937
19.3110416571
19.3718229135
19.4349480152
19.4645834605
19.5074478753
19.5711459351
19.6922395484
19.7143228944
19.7621353817
19.7970834351
19.857812535
19.90578125
19.8213542048
19.8931770992
19.9954166349
20.0660937087
20.107135423
20.0453645865
20.0163540268
20.0917708651
20.097968626
20.1639585431
20.1252603149
20.2060414918
20.1807293351
20.1804166222
20.0458852259
20.1457290363
20.0657813994
20.1206771564
20.126041797
20.2484372616
20.1881249396
20.179166832
20.0870836544
20.1457813867
20.1731248156
20.1493228404
20.1520833619
20.1703124205
20.1744791031
20.1118229516
20.0891665109
20.0774479389
20.0486978817
20.0607291889
20.1419790745
20.0508332729
20.0590624332
20.141666762
20.1529166381
20.1475522359
20.142343696
20.198333292
20.1673958778
20.2534374237
20.157552131
20.1388543129
20.1109897423
20.1168748538
20.1924481233
20.1376041889
20.0983334223
20.1095314026
20.1712501081
20.2206250032
20.1809374491
20.1193230025
20.1529168765
20.1529687405
20.1517708174
20.1317187627
20.204270792
20.1476041794
20.1102605343
20.1369269212
20.1031249523
20.0503125191
20.1243751208
20.0660416285
20.0273438295
20.0093753656
20.0732814026
20.0072396056
20.0103125
20.0175522455
19.9592187246
19.9653126907
19.9410418797
19.9796874301
19.9281252384
19.8868750509
19.8569268386
19.843125
19.9152603785
19.8778645356
19.899479262
19.801770846
19.8318228594
19.8363021056
19.8130209446
19.7945833874
19.8332290808
19.7877082984
19.706093661
19.8104686769
19.790989542
19.7509897073
19.6721354866
19.7160935243
19.6345312436
19.6375520706
19.6742186705
19.6862501653
19.7076561928
19.6183855216
19.6127081394
19.6076040554
19.5533333747
19.5751041412
19.5396875191
19.5073957761
19.5379686197
19.5213543097
19.4935936737
19.5131250699
19.5406249205
19.4815624873
19.4520313581
19.4463022073
19.3499999968
19.4050001462
19.4100520738
19.362552131
19.3245311069
19.2699478054
19.2700520547
19.2911459732
19.3160417875
19.3119269021
19.3424999682
19.2772918701
19.2902083047
19.3326562595
19.4218751399
19.4742707729
19.4873957253
19.5259374301
19.6533853054
19.8585936228
19.9136458524
19.9561459859
20.0255729357
20.0864062913
20.1278125445
20.3330207825
20.2584375413
20.3290625445
20.4158333683
20.4717186451
20.4607813867
20.5193229008
20.6256247997
20.6393230629
20.7238020261
20.7080208588
20.7409374936
20.7833332602
20.8170312564
20.768072993
20.7009375159
20.8156771914
20.8435415173
20.8736979294
20.8395312246
20.8576563899
20.8892189026
20.8795831362
20.9018228277
20.9131249205
20.7980730883
20.8514063104
20.9327604326
20.9718229071
20.8583854644
20.846458451
20.8319790808
20.8509894689
20.8244790586
20.8863022168
20.7853124714
20.7819789124
20.7796875509
20.7554685783
20.8464062977
20.8499999396
20.7972917398
20.6344271056
20.7117188168
20.6246875381
20.6097918415
20.5470312087
20.6264062627
20.5423437595
20.6561459605
20.4944271946
20.4492707284
20.3886979516
20.3564062214
20.4744271787
20.5192185974
20.4698958302
20.4021354453
20.3959373538
20.3574999714
20.220104154
20.1814061546
20.1383333619
20.1571355025
20.2279689503
20.2152605375
20.0528126272
20.1275002352
20.1308333778
20.1356769784
20.0136979326
19.8676042302
19.8239582539
19.9504167334
19.9096874523
19.883124946
19.8735418193
19.9147395166
19.8836458651
19.9751040681
20.0075000763
19.9815103881
19.8978644784
19.8299481583
19.8690103436
19.9227604103
19.8271875668
19.9218748569
19.8749479834
19.946875
19.8390625032
19.7395313422
19.7383332984
19.8125522041
19.764791743
19.7963021628
19.7694271247
19.7764063136
19.754947904
19.8438541603
19.7453127607
19.7319271723
19.7740625668
19.721458327
19.6457812977
19.6665104993
19.5683854834
19.4347396278
19.5302604389
19.6353645643
19.5418230565
19.4657813581
19.5631771596
19.5197395388
19.5840105311
19.4896873887
19.574531285
19.567447958
19.6215103563
19.4676563358
19.5452605184
19.4524478499
19.5730727768
19.441875054
19.5042186737
19.3955206998
19.5183332221
19.3448958429
19.4147916667
19.4293228531
19.4167189185
19.401822834
19.4270833365
19.342291619
19.350312446
19.3388541126
19.4138021119
19.3529166253
19.3566665936
19.2752603658
19.2438020198
19.2782292175
19.2643229103
19.3609896183
19.2434375318
19.3758333969
19.2171353054
19.1874479675
19.2190625286
19.2373437119
19.2353646978
19.336770827
19.2079166508
19.2997916762
19.1973435942
19.2059374237
19.2246356455
19.3614061928
19.2001042144
19.2717707634
19.2041145261
19.0893750699
19.0922917557
19.242656285
19.1509895547
19.2335416762
19.2315625223
19.1628645992
19.0425522105
19.1886980724
19.2484376017
19.275677166
19.1386979771
19.2824480756
19.2354166253
19.2454686705
19.1989063994
19.133072923
19.1562501589
18.9963020452
18.9823437532
19.0192708143
19.079010334
19.043229208
19.094427166
19.0731770198
19.0865623951
18.943333203
18.9656771151
18.9655731106
19.0901040014
19.0403124078
19.0573438104
18.8856248824
19.0585416158
19.0472916349
19.062187233
18.9467706394
19.0211458874
18.986354084
19.0417709923
18.9704687468
19.0041145261
19.0245310593
19.0766144721
18.9481250572
18.9444268036
18.8399999682
19.0845312818
19.0313020738
18.996145827
18.8697396501
19.0536978594
19.1010937723
19.0415103626
18.9831250191
18.9768229167
19.0798437119
18.9606249682
18.9698959351
18.9040623029
19.0055208174
18.8844269085
18.9581250731
18.7993749841
19.0334373569
18.9292185561
18.9627605406
18.8268227736
18.8943229135
18.9448958047
18.9575521342
18.8478645897
18.9358853626
18.871979351
18.9219273059
18.8666148027
18.9780208365
18.8666667366
19.0094271564
18.9482292366
19.1584896374
19.154895738
19.3056770738
19.1991667493
19.3889583842
19.3761978054
19.5816145356
19.614010423
19.6978645643
19.7418229516
19.8149479167
19.7935415808
19.8492706394
19.7803126017
19.8345310561
19.8456249396
19.8831770102
20.0448957157
20.1144793447
20.0870832793
20.0871353722
20.0683854262
20.1876042461
20.1916666953
20.2535416444
20.2253646628
20.3149477959
20.1828646056
20.328437624
20.2238021024
20.3130727577
20.3163021819
20.2501563263
20.330104173
20.3251041031
20.3778124269
20.347135458
20.392968626
20.489427201
20.4786458365
20.3533333683
20.4500520706
20.4735938168
20.5020312691
20.4518748983
20.4933853753
20.4946874142
20.4440625477
20.332187535
20.3842708365
20.4429167112
20.4669791063
20.3991145706
20.4440626017
20.3807812564
20.3995312023
20.4219271278
20.4284895134
20.3291145897
20.4150000763
20.2829166667
20.4009895102
20.2660415173
20.3563020992
20.2399478436
20.327239666
20.2983853722
20.2595831649
20.2203646151
20.1563020674
20.1922915872
20.0597917747
20.0748436546
20.089218715
20.0534374809
20.0065101846
19.9572394943
19.9752604739
20.0190103594
20.0640104071
19.9622395388
19.9490103086
19.9052603118
19.8880728436
19.8398435529
19.9734895643
20.0476044496
20.1108332761
20.1378644784
20.0955208333
20.0178646978
20.0670833778
19.9892710114
20.024270881
19.9696875095
19.9514583206
19.9533333143
20.0040103022
19.9505730756
19.9688540999
20.1720833651
20.1789063009
20.2489063295
20.2050000985
20.2406249491
20.325416743
20.3576563517
20.3867709478
20.2974479707
20.1800000127
20.3251041794
20.2578125064
20.332708203
20.1672396247
20.1981769117
20.1769792493
20.2249479357
20.3176041762
20.3446875286
20.3526562913
20.3403123951
20.3146875795
20.359114701
20.4486979357
20.2583332348
20.1573438644
20.1752604802
20.2277082221
20.3849999301
20.5069270102
20.475729332
20.5411460463
20.5868749173
20.6084894307
20.6559897772
20.7961979485
20.8522397137
20.8381249396
20.8675521946
20.9447397423
21.1053126431
21.0432290395
20.9448437532
20.8142186673
20.8342187405
20.8134895293
20.8844792843
20.6727605438
20.7297396247
20.8172916635
20.8665104675
20.7193750699
20.5891147741
20.554010423
20.7091146056
20.6923436324
20.7343750381
20.5896874301
20.3402082348
20.1557292302
20.1022395833
19.987135369
19.9367707157
20.0028123569
19.9648957761
19.8220312309
19.8218229453
19.6547393386
19.7368229453
19.740677166
19.7123958111
19.5603123824
19.6258332094
19.458958292
19.5973957856
19.5230207253
19.473489666
19.4163021882
19.5166144371
19.4905209541
19.4744790713
19.5218750509
19.6882291476
19.6621352355
19.7036459573
19.7516667048
19.740260458
19.6940104961
19.6667709351
19.7233854771
19.7725522041
19.8405206998
19.7967189026
19.7920832793
19.7452606328
19.7390624873
19.7391665141
19.6446874142
19.7273956935
19.765364542
19.5789061483
19.5521352895
19.5513540077
19.6869269276
19.5489583588
19.6736459096
19.7004167302
19.7361457316
19.7965624809
19.7179166285
19.6965622107
19.6418229008
19.7699479389
19.6665626526
19.6761460145
19.6721874619
19.7689063072
19.6879687055
19.7998439153
19.7953124205
19.7986461004
19.7106250286
19.8402604898
19.7040104866
19.2502083524
19.2013020547
19.1431250223
19.1528645198
19.2431771882
19.15786472
19.0865104008
19.072135404
19.1570832062
19.1427604008
19.1748437214
19.1255208492
19.2722916222
19.2337499809
19.1892709605
19.3697396183
19.3513022168
19.3301561006
19.418906215
19.4381251208
19.4960937754
19.3640624269
19.5269790459
19.6331771882
19.5925522041
19.5102603149
19.3900519784
19.5564583429
19.5038023186
19.6076562436
19.6115626017
19.4760937023
19.5074479612
19.5067710431
19.5204166476
19.4010937436
19.5331771596
19.5688023376
19.611666708
19.4173436896
19.6613019435
19.7457812723
19.6672396215
19.5481772296
19.653072834
19.5069270929
19.6879687532
19.7335416126
19.6207812786
19.5229689248
19.6573958778
19.8025521183
19.7463019689
19.6931769625
19.437708381
19.5392709223
19.6349479802
19.5491665649
19.5467188263
19.3578126812
19.4551563581
19.6075522296
19.0384374142
18.8439062564
18.9767188613
18.7978125668
18.7457290936
18.7341145356
18.7590105502
18.7731249078
18.4328124237
18.6027085272
18.7680728308
18.7765103881
18.8708332888
18.5527083111
18.5076042334
18.6200519816
18.5890104357
18.4739583683
17.9870312913
18.0635415904
17.983229208
17.8722394753
17.7706250572
17.5972395929
17.5394271882
17.4470832125
17.2836458206
17.5152603817
18.1674480152
18.1794790713
